<?xml version="1.0" encoding="UTF-8"?>
<!-- Generated by org.testng.reporters.JUnitXMLReporter -->
<testsuite hostname="Phaedros" name="Default test" tests="4" failures="0" timestamp="23 Feb 2020 00:08:58 GMT" time="0.035" errors="0">
  <testcase name="@BeforeClass beforeClass" time="0.0" classname="net.groot.data.TestNgFeatures">
    <failure type="java.lang.NullPointerException">
      <![CDATA[java.lang.NullPointerException
	at net.groot.data.TestNgFeatures.beforeClass(TestNgFeatures.java:68)
... Removed 24 stack frames]]>
    </failure>
  </testcase> <!-- @BeforeClass beforeClass -->
  <testcase name="@BeforeMethod beforeMethod" time="0.0" classname="net.groot.data.TestNgFeatures">
    <skipped/>
  </testcase> <!-- @BeforeMethod beforeMethod -->
  <testcase name="@AfterMethod afterMethod" time="0.0" classname="net.groot.data.TestNgFeatures">
    <skipped/>
  </testcase> <!-- @AfterMethod afterMethod -->
  <testcase name="@BeforeMethod beforeMethod" time="0.0" classname="net.groot.data.TestNgFeatures">
    <skipped/>
  </testcase> <!-- @BeforeMethod beforeMethod -->
  <testcase name="@AfterMethod afterMethod" time="0.0" classname="net.groot.data.TestNgFeatures">
    <skipped/>
  </testcase> <!-- @AfterMethod afterMethod -->
  <testcase name="@BeforeMethod beforeMethod" time="0.0" classname="net.groot.data.TestNgFeatures">
    <skipped/>
  </testcase> <!-- @BeforeMethod beforeMethod -->
  <testcase name="@AfterMethod afterMethod" time="0.0" classname="net.groot.data.TestNgFeatures">
    <skipped/>
  </testcase> <!-- @AfterMethod afterMethod -->
  <testcase name="@BeforeMethod beforeMethod" time="0.0" classname="net.groot.data.TestNgFeatures">
    <skipped/>
  </testcase> <!-- @BeforeMethod beforeMethod -->
  <testcase name="@AfterMethod afterMethod" time="0.0" classname="net.groot.data.TestNgFeatures">
    <skipped/>
  </testcase> <!-- @AfterMethod afterMethod -->
  <testcase name="@AfterClass afterClass" time="0.0" classname="net.groot.data.TestNgFeatures">
    <skipped/>
  </testcase> <!-- @AfterClass afterClass -->
  <testcase name="@AfterTest afterTest" time="0.0" classname="net.groot.data.TestNgFeatures">
    <skipped/>
  </testcase> <!-- @AfterTest afterTest -->
  <testcase name="findLoginPage" time="0.001" classname="net.groot.data.TestNgFeatures">
    <skipped/>
  </testcase> <!-- findLoginPage -->
  <testcase name="passInEmail" time="0.001" classname="net.groot.data.TestNgFeatures">
    <skipped/>
  </testcase> <!-- passInEmail -->
  <testcase name="passInPassword" time="0.001" classname="net.groot.data.TestNgFeatures">
    <skipped/>
  </testcase> <!-- passInPassword -->
  <testcase name="confirm" time="0.001" classname="net.groot.data.TestNgFeatures">
    <skipped/>
  </testcase> <!-- confirm -->
</testsuite> <!-- Default test -->
