<?xml version="1.0" encoding="UTF-8"?>
<!-- Generated by org.testng.reporters.JUnitXMLReporter -->
<testsuite hostname="Phaedros" name="InvocationNewsTest" tests="21" failures="0" timestamp="25 Feb 2020 02:53:01 GMT" time="9.755" errors="0">
  <testcase name="SearchBarMethod" time="0.005" classname="net.groot.data.InvocationNewsTest"/>
  <testcase name="math" time="0.006" classname="net.groot.data.InvocationNewsTest"/>
  <testcase name="math" time="0.003" classname="net.groot.data.InvocationNewsTest"/>
  <testcase name="math" time="0.004" classname="net.groot.data.InvocationNewsTest"/>
  <testcase name="invokeProvider" time="0.004" classname="net.groot.data.InvocationNewsTest"/>
  <testcase name="invokeProvider" time="0.001" classname="net.groot.data.InvocationNewsTest"/>
  <testcase name="invokeProvider" time="0.002" classname="net.groot.data.InvocationNewsTest"/>
  <testcase name="invokeProvider" time="0.003" classname="net.groot.data.InvocationNewsTest"/>
  <testcase name="invokeProvider" time="0.0" classname="net.groot.data.InvocationNewsTest"/>
  <testcase name="invokeProvider" time="0.0" classname="net.groot.data.InvocationNewsTest"/>
  <testcase name="mathError" time="0.001" classname="net.groot.data.InvocationNewsTest"/>
  <testcase name="mathError" time="0.001" classname="net.groot.data.InvocationNewsTest"/>
  <testcase name="mathError" time="0.002" classname="net.groot.data.InvocationNewsTest"/>
  <testcase name="mathError" time="0.001" classname="net.groot.data.InvocationNewsTest"/>
  <testcase name="mathError" time="0.001" classname="net.groot.data.InvocationNewsTest"/>
  <testcase name="mathError" time="0.001" classname="net.groot.data.InvocationNewsTest"/>
  <testcase name="mathError" time="0.001" classname="net.groot.data.InvocationNewsTest"/>
  <testcase name="mathError" time="0.001" classname="net.groot.data.InvocationNewsTest"/>
  <testcase name="mathError" time="0.001" classname="net.groot.data.InvocationNewsTest"/>
  <testcase name="mathError" time="0.003" classname="net.groot.data.InvocationNewsTest"/>
  <testcase name="webParameterTest" time="9.641" classname="net.groot.data.InvocationNewsTest"/>
</testsuite> <!-- InvocationNewsTest -->
