<?xml version="1.0" encoding="UTF-8"?>
<!-- Generated by org.testng.reporters.JUnitXMLReporter -->
<testsuite hostname="Phaedros" name="Default test" tests="21" failures="0" timestamp="23 Feb 2020 23:06:43 GMT" time="0.126" errors="0">
  <testcase name="SearchBarMethod" time="0.007" classname="net.groot.data.InvocationNewsTest"/>
  <testcase name="math" time="0.005" classname="net.groot.data.InvocationNewsTest"/>
  <testcase name="math" time="0.003" classname="net.groot.data.InvocationNewsTest"/>
  <testcase name="math" time="0.003" classname="net.groot.data.InvocationNewsTest"/>
  <testcase name="invokeProvider" time="0.002" classname="net.groot.data.InvocationNewsTest"/>
  <testcase name="invokeProvider" time="0.001" classname="net.groot.data.InvocationNewsTest"/>
  <testcase name="invokeProvider" time="0.001" classname="net.groot.data.InvocationNewsTest"/>
  <testcase name="invokeProvider" time="0.001" classname="net.groot.data.InvocationNewsTest"/>
  <testcase name="invokeProvider" time="0.001" classname="net.groot.data.InvocationNewsTest"/>
  <testcase name="invokeProvider" time="0.0" classname="net.groot.data.InvocationNewsTest"/>
  <testcase name="mathError" time="0.001" classname="net.groot.data.InvocationNewsTest"/>
  <testcase name="mathError" time="0.001" classname="net.groot.data.InvocationNewsTest"/>
  <testcase name="mathError" time="0.0" classname="net.groot.data.InvocationNewsTest"/>
  <testcase name="mathError" time="0.002" classname="net.groot.data.InvocationNewsTest"/>
  <testcase name="mathError" time="0.001" classname="net.groot.data.InvocationNewsTest"/>
  <testcase name="mathError" time="0.0" classname="net.groot.data.InvocationNewsTest"/>
  <testcase name="mathError" time="0.001" classname="net.groot.data.InvocationNewsTest"/>
  <testcase name="mathError" time="0.001" classname="net.groot.data.InvocationNewsTest"/>
  <testcase name="mathError" time="0.0" classname="net.groot.data.InvocationNewsTest"/>
  <testcase name="mathError" time="0.0" classname="net.groot.data.InvocationNewsTest"/>
  <testcase name="webParameterTest" time="0.002" classname="net.groot.data.InvocationNewsTest">
    <skipped/>
  </testcase> <!-- webParameterTest -->
</testsuite> <!-- Default test -->
