<?xml version="1.0" encoding="UTF-8"?>
<!-- Generated by org.testng.reporters.JUnitXMLReporter -->
<testsuite hostname="Phaedros" name="Test" tests="41" failures="0" timestamp="23 Feb 2020 22:45:49 GMT" time="0.224" errors="0">
  <testcase name="@BeforeSuite beforeSuite" time="0.0" classname="net.groot.data.InvocationNewsTest">
    <failure type="org.testng.TestNGException" message="
Parameter &amp;apos;browser&amp;apos; is required by @Configuration on method beforeSuite but has not been marked @Optional or defined
in C:\w\www\git\java-rev\groot-data\src\test\java\InvocationNewsTest.xml">
      <![CDATA[org.testng.TestNGException: 
Parameter 'browser' is required by @Configuration on method beforeSuite but has not been marked @Optional or defined
in C:\w\www\git\java-rev\groot-data\src\test\java\InvocationNewsTest.xml
... Removed 15 stack frames]]>
    </failure>
  </testcase> <!-- @BeforeSuite beforeSuite -->
  <testcase name="@BeforeTest beforeTest" time="0.0" classname="net.groot.data.InvocationNewsTest">
    <skipped/>
  </testcase> <!-- @BeforeTest beforeTest -->
  <testcase name="@BeforeClass beforeClass" time="0.0" classname="net.groot.data.InvocationNewsTest">
    <skipped/>
  </testcase> <!-- @BeforeClass beforeClass -->
  <testcase name="@BeforeMethod beforeMethod" time="0.0" classname="net.groot.data.InvocationNewsTest">
    <skipped/>
  </testcase> <!-- @BeforeMethod beforeMethod -->
  <testcase name="@AfterMethod afterMethod" time="0.0" classname="net.groot.data.InvocationNewsTest">
    <skipped/>
  </testcase> <!-- @AfterMethod afterMethod -->
  <testcase name="@BeforeMethod beforeMethod" time="0.0" classname="net.groot.data.InvocationNewsTest">
    <skipped/>
  </testcase> <!-- @BeforeMethod beforeMethod -->
  <testcase name="@AfterMethod afterMethod" time="0.0" classname="net.groot.data.InvocationNewsTest">
    <skipped/>
  </testcase> <!-- @AfterMethod afterMethod -->
  <testcase name="@BeforeMethod beforeMethod" time="0.0" classname="net.groot.data.InvocationNewsTest">
    <skipped/>
  </testcase> <!-- @BeforeMethod beforeMethod -->
  <testcase name="@AfterMethod afterMethod" time="0.0" classname="net.groot.data.InvocationNewsTest">
    <skipped/>
  </testcase> <!-- @AfterMethod afterMethod -->
  <testcase name="@BeforeMethod beforeMethod" time="0.0" classname="net.groot.data.InvocationNewsTest">
    <skipped/>
  </testcase> <!-- @BeforeMethod beforeMethod -->
  <testcase name="@AfterMethod afterMethod" time="0.0" classname="net.groot.data.InvocationNewsTest">
    <skipped/>
  </testcase> <!-- @AfterMethod afterMethod -->
  <testcase name="@BeforeMethod beforeMethod" time="0.0" classname="net.groot.data.InvocationNewsTest">
    <skipped/>
  </testcase> <!-- @BeforeMethod beforeMethod -->
  <testcase name="@AfterMethod afterMethod" time="0.0" classname="net.groot.data.InvocationNewsTest">
    <skipped/>
  </testcase> <!-- @AfterMethod afterMethod -->
  <testcase name="@BeforeMethod beforeMethod" time="0.0" classname="net.groot.data.InvocationNewsTest">
    <skipped/>
  </testcase> <!-- @BeforeMethod beforeMethod -->
  <testcase name="@AfterMethod afterMethod" time="0.0" classname="net.groot.data.InvocationNewsTest">
    <skipped/>
  </testcase> <!-- @AfterMethod afterMethod -->
  <testcase name="@BeforeMethod beforeMethod" time="0.0" classname="net.groot.data.InvocationNewsTest">
    <skipped/>
  </testcase> <!-- @BeforeMethod beforeMethod -->
  <testcase name="@AfterMethod afterMethod" time="0.0" classname="net.groot.data.InvocationNewsTest">
    <skipped/>
  </testcase> <!-- @AfterMethod afterMethod -->
  <testcase name="@BeforeMethod beforeMethod" time="0.0" classname="net.groot.data.InvocationNewsTest">
    <skipped/>
  </testcase> <!-- @BeforeMethod beforeMethod -->
  <testcase name="@AfterMethod afterMethod" time="0.0" classname="net.groot.data.InvocationNewsTest">
    <skipped/>
  </testcase> <!-- @AfterMethod afterMethod -->
  <testcase name="@BeforeMethod beforeMethod" time="0.0" classname="net.groot.data.InvocationNewsTest">
    <skipped/>
  </testcase> <!-- @BeforeMethod beforeMethod -->
  <testcase name="@AfterMethod afterMethod" time="0.0" classname="net.groot.data.InvocationNewsTest">
    <skipped/>
  </testcase> <!-- @AfterMethod afterMethod -->
  <testcase name="@BeforeMethod beforeMethod" time="0.0" classname="net.groot.data.InvocationNewsTest">
    <skipped/>
  </testcase> <!-- @BeforeMethod beforeMethod -->
  <testcase name="@AfterMethod afterMethod" time="0.0" classname="net.groot.data.InvocationNewsTest">
    <skipped/>
  </testcase> <!-- @AfterMethod afterMethod -->
  <testcase name="@BeforeMethod beforeMethod" time="0.0" classname="net.groot.data.InvocationNewsTest">
    <skipped/>
  </testcase> <!-- @BeforeMethod beforeMethod -->
  <testcase name="@AfterMethod afterMethod" time="0.0" classname="net.groot.data.InvocationNewsTest">
    <skipped/>
  </testcase> <!-- @AfterMethod afterMethod -->
  <testcase name="@BeforeMethod beforeMethod" time="0.0" classname="net.groot.data.InvocationNewsTest">
    <skipped/>
  </testcase> <!-- @BeforeMethod beforeMethod -->
  <testcase name="@AfterMethod afterMethod" time="0.0" classname="net.groot.data.InvocationNewsTest">
    <skipped/>
  </testcase> <!-- @AfterMethod afterMethod -->
  <testcase name="@BeforeMethod beforeMethod" time="0.0" classname="net.groot.data.InvocationNewsTest">
    <skipped/>
  </testcase> <!-- @BeforeMethod beforeMethod -->
  <testcase name="@AfterMethod afterMethod" time="0.0" classname="net.groot.data.InvocationNewsTest">
    <skipped/>
  </testcase> <!-- @AfterMethod afterMethod -->
  <testcase name="@BeforeMethod beforeMethod" time="0.0" classname="net.groot.data.InvocationNewsTest">
    <skipped/>
  </testcase> <!-- @BeforeMethod beforeMethod -->
  <testcase name="@AfterMethod afterMethod" time="0.0" classname="net.groot.data.InvocationNewsTest">
    <skipped/>
  </testcase> <!-- @AfterMethod afterMethod -->
  <testcase name="@BeforeMethod beforeMethod" time="0.0" classname="net.groot.data.InvocationNewsTest">
    <skipped/>
  </testcase> <!-- @BeforeMethod beforeMethod -->
  <testcase name="@AfterMethod afterMethod" time="0.0" classname="net.groot.data.InvocationNewsTest">
    <skipped/>
  </testcase> <!-- @AfterMethod afterMethod -->
  <testcase name="@BeforeMethod beforeMethod" time="0.0" classname="net.groot.data.InvocationNewsTest">
    <skipped/>
  </testcase> <!-- @BeforeMethod beforeMethod -->
  <testcase name="@AfterMethod afterMethod" time="0.0" classname="net.groot.data.InvocationNewsTest">
    <skipped/>
  </testcase> <!-- @AfterMethod afterMethod -->
  <testcase name="@BeforeMethod beforeMethod" time="0.0" classname="net.groot.data.InvocationNewsTest">
    <skipped/>
  </testcase> <!-- @BeforeMethod beforeMethod -->
  <testcase name="@AfterMethod afterMethod" time="0.0" classname="net.groot.data.InvocationNewsTest">
    <skipped/>
  </testcase> <!-- @AfterMethod afterMethod -->
  <testcase name="@BeforeMethod beforeMethod" time="0.0" classname="net.groot.data.InvocationNewsTest">
    <skipped/>
  </testcase> <!-- @BeforeMethod beforeMethod -->
  <testcase name="@AfterMethod afterMethod" time="0.0" classname="net.groot.data.InvocationNewsTest">
    <skipped/>
  </testcase> <!-- @AfterMethod afterMethod -->
  <testcase name="@BeforeMethod beforeMethod" time="0.0" classname="net.groot.data.InvocationNewsTest">
    <skipped/>
  </testcase> <!-- @BeforeMethod beforeMethod -->
  <testcase name="@AfterMethod afterMethod" time="0.0" classname="net.groot.data.InvocationNewsTest">
    <skipped/>
  </testcase> <!-- @AfterMethod afterMethod -->
  <testcase name="@BeforeMethod beforeMethod" time="0.0" classname="net.groot.data.InvocationNewsTest">
    <skipped/>
  </testcase> <!-- @BeforeMethod beforeMethod -->
  <testcase name="@AfterMethod afterMethod" time="0.0" classname="net.groot.data.InvocationNewsTest">
    <skipped/>
  </testcase> <!-- @AfterMethod afterMethod -->
  <testcase name="@BeforeMethod beforeMethod" time="0.0" classname="net.groot.data.InvocationNewsTest">
    <skipped/>
  </testcase> <!-- @BeforeMethod beforeMethod -->
  <testcase name="@AfterMethod afterMethod" time="0.0" classname="net.groot.data.InvocationNewsTest">
    <skipped/>
  </testcase> <!-- @AfterMethod afterMethod -->
  <testcase name="@BeforeMethod beforeMethod" time="0.0" classname="net.groot.data.InvocationNewsTest">
    <skipped/>
  </testcase> <!-- @BeforeMethod beforeMethod -->
  <testcase name="@AfterMethod afterMethod" time="0.0" classname="net.groot.data.InvocationNewsTest">
    <skipped/>
  </testcase> <!-- @AfterMethod afterMethod -->
  <testcase name="@BeforeMethod beforeMethod" time="0.0" classname="net.groot.data.InvocationNewsTest">
    <skipped/>
  </testcase> <!-- @BeforeMethod beforeMethod -->
  <testcase name="@AfterMethod afterMethod" time="0.0" classname="net.groot.data.InvocationNewsTest">
    <skipped/>
  </testcase> <!-- @AfterMethod afterMethod -->
  <testcase name="@BeforeMethod beforeMethod" time="0.0" classname="net.groot.data.InvocationNewsTest">
    <skipped/>
  </testcase> <!-- @BeforeMethod beforeMethod -->
  <testcase name="@AfterMethod afterMethod" time="0.0" classname="net.groot.data.InvocationNewsTest">
    <skipped/>
  </testcase> <!-- @AfterMethod afterMethod -->
  <testcase name="@BeforeMethod beforeMethod" time="0.0" classname="net.groot.data.InvocationNewsTest">
    <skipped/>
  </testcase> <!-- @BeforeMethod beforeMethod -->
  <testcase name="@AfterMethod afterMethod" time="0.0" classname="net.groot.data.InvocationNewsTest">
    <skipped/>
  </testcase> <!-- @AfterMethod afterMethod -->
  <testcase name="@BeforeMethod beforeMethod" time="0.0" classname="net.groot.data.InvocationNewsTest">
    <skipped/>
  </testcase> <!-- @BeforeMethod beforeMethod -->
  <testcase name="@AfterMethod afterMethod" time="0.0" classname="net.groot.data.InvocationNewsTest">
    <skipped/>
  </testcase> <!-- @AfterMethod afterMethod -->
  <testcase name="@BeforeMethod beforeMethod" time="0.0" classname="net.groot.data.InvocationNewsTest">
    <skipped/>
  </testcase> <!-- @BeforeMethod beforeMethod -->
  <testcase name="@AfterMethod afterMethod" time="0.0" classname="net.groot.data.InvocationNewsTest">
    <skipped/>
  </testcase> <!-- @AfterMethod afterMethod -->
  <testcase name="@BeforeMethod beforeMethod" time="0.0" classname="net.groot.data.InvocationNewsTest">
    <skipped/>
  </testcase> <!-- @BeforeMethod beforeMethod -->
  <testcase name="@AfterMethod afterMethod" time="0.0" classname="net.groot.data.InvocationNewsTest">
    <skipped/>
  </testcase> <!-- @AfterMethod afterMethod -->
  <testcase name="@BeforeMethod beforeMethod" time="0.0" classname="net.groot.data.InvocationNewsTest">
    <skipped/>
  </testcase> <!-- @BeforeMethod beforeMethod -->
  <testcase name="@AfterMethod afterMethod" time="0.0" classname="net.groot.data.InvocationNewsTest">
    <skipped/>
  </testcase> <!-- @AfterMethod afterMethod -->
  <testcase name="@BeforeMethod beforeMethod" time="0.0" classname="net.groot.data.InvocationNewsTest">
    <skipped/>
  </testcase> <!-- @BeforeMethod beforeMethod -->
  <testcase name="@AfterMethod afterMethod" time="0.0" classname="net.groot.data.InvocationNewsTest">
    <skipped/>
  </testcase> <!-- @AfterMethod afterMethod -->
  <testcase name="@BeforeMethod beforeMethod" time="0.0" classname="net.groot.data.InvocationNewsTest">
    <skipped/>
  </testcase> <!-- @BeforeMethod beforeMethod -->
  <testcase name="@AfterMethod afterMethod" time="0.0" classname="net.groot.data.InvocationNewsTest">
    <skipped/>
  </testcase> <!-- @AfterMethod afterMethod -->
  <testcase name="@BeforeMethod beforeMethod" time="0.0" classname="net.groot.data.InvocationNewsTest">
    <skipped/>
  </testcase> <!-- @BeforeMethod beforeMethod -->
  <testcase name="@AfterMethod afterMethod" time="0.0" classname="net.groot.data.InvocationNewsTest">
    <skipped/>
  </testcase> <!-- @AfterMethod afterMethod -->
  <testcase name="@BeforeMethod beforeMethod" time="0.0" classname="net.groot.data.InvocationNewsTest">
    <skipped/>
  </testcase> <!-- @BeforeMethod beforeMethod -->
  <testcase name="@AfterMethod afterMethod" time="0.0" classname="net.groot.data.InvocationNewsTest">
    <skipped/>
  </testcase> <!-- @AfterMethod afterMethod -->
  <testcase name="@BeforeMethod beforeMethod" time="0.0" classname="net.groot.data.InvocationNewsTest">
    <skipped/>
  </testcase> <!-- @BeforeMethod beforeMethod -->
  <testcase name="@AfterMethod afterMethod" time="0.0" classname="net.groot.data.InvocationNewsTest">
    <skipped/>
  </testcase> <!-- @AfterMethod afterMethod -->
  <testcase name="@BeforeMethod beforeMethod" time="0.0" classname="net.groot.data.InvocationNewsTest">
    <skipped/>
  </testcase> <!-- @BeforeMethod beforeMethod -->
  <testcase name="@AfterMethod afterMethod" time="0.0" classname="net.groot.data.InvocationNewsTest">
    <skipped/>
  </testcase> <!-- @AfterMethod afterMethod -->
  <testcase name="@BeforeMethod beforeMethod" time="0.0" classname="net.groot.data.InvocationNewsTest">
    <skipped/>
  </testcase> <!-- @BeforeMethod beforeMethod -->
  <testcase name="@AfterMethod afterMethod" time="0.0" classname="net.groot.data.InvocationNewsTest">
    <skipped/>
  </testcase> <!-- @AfterMethod afterMethod -->
  <testcase name="@BeforeMethod beforeMethod" time="0.0" classname="net.groot.data.InvocationNewsTest">
    <skipped/>
  </testcase> <!-- @BeforeMethod beforeMethod -->
  <testcase name="@AfterMethod afterMethod" time="0.0" classname="net.groot.data.InvocationNewsTest">
    <skipped/>
  </testcase> <!-- @AfterMethod afterMethod -->
  <testcase name="@BeforeMethod beforeMethod" time="0.0" classname="net.groot.data.InvocationNewsTest">
    <skipped/>
  </testcase> <!-- @BeforeMethod beforeMethod -->
  <testcase name="@AfterMethod afterMethod" time="0.0" classname="net.groot.data.InvocationNewsTest">
    <skipped/>
  </testcase> <!-- @AfterMethod afterMethod -->
  <testcase name="@BeforeMethod beforeMethod" time="0.0" classname="net.groot.data.InvocationNewsTest">
    <skipped/>
  </testcase> <!-- @BeforeMethod beforeMethod -->
  <testcase name="@AfterMethod afterMethod" time="0.0" classname="net.groot.data.InvocationNewsTest">
    <skipped/>
  </testcase> <!-- @AfterMethod afterMethod -->
  <testcase name="@BeforeMethod beforeMethod" time="0.0" classname="net.groot.data.InvocationNewsTest">
    <skipped/>
  </testcase> <!-- @BeforeMethod beforeMethod -->
  <testcase name="@AfterMethod afterMethod" time="0.0" classname="net.groot.data.InvocationNewsTest">
    <skipped/>
  </testcase> <!-- @AfterMethod afterMethod -->
  <testcase name="@BeforeMethod beforeMethod" time="0.0" classname="net.groot.data.InvocationNewsTest">
    <skipped/>
  </testcase> <!-- @BeforeMethod beforeMethod -->
  <testcase name="@AfterMethod afterMethod" time="0.0" classname="net.groot.data.InvocationNewsTest">
    <skipped/>
  </testcase> <!-- @AfterMethod afterMethod -->
  <testcase name="@AfterClass afterClass" time="0.0" classname="net.groot.data.InvocationNewsTest">
    <skipped/>
  </testcase> <!-- @AfterClass afterClass -->
  <testcase name="@AfterTest afterTest" time="0.0" classname="net.groot.data.InvocationNewsTest">
    <skipped/>
  </testcase> <!-- @AfterTest afterTest -->
  <testcase name="SearchBarMethod" time="0.011" classname="net.groot.data.InvocationNewsTest">
    <skipped/>
  </testcase> <!-- SearchBarMethod -->
  <testcase name="invokeProvider" time="0.002" classname="net.groot.data.InvocationNewsTest">
    <skipped/>
  </testcase> <!-- invokeProvider -->
  <testcase name="invokeProvider" time="0.001" classname="net.groot.data.InvocationNewsTest">
    <skipped/>
  </testcase> <!-- invokeProvider -->
  <testcase name="invokeProvider" time="0.001" classname="net.groot.data.InvocationNewsTest">
    <skipped/>
  </testcase> <!-- invokeProvider -->
  <testcase name="invokeProvider" time="0.001" classname="net.groot.data.InvocationNewsTest">
    <skipped/>
  </testcase> <!-- invokeProvider -->
  <testcase name="invokeProvider" time="0.002" classname="net.groot.data.InvocationNewsTest">
    <skipped/>
  </testcase> <!-- invokeProvider -->
  <testcase name="invokeProvider" time="0.0" classname="net.groot.data.InvocationNewsTest">
    <skipped/>
  </testcase> <!-- invokeProvider -->
  <testcase name="invokeProvider" time="0.001" classname="net.groot.data.InvocationNewsTest">
    <skipped/>
  </testcase> <!-- invokeProvider -->
  <testcase name="invokeProvider" time="0.001" classname="net.groot.data.InvocationNewsTest">
    <skipped/>
  </testcase> <!-- invokeProvider -->
  <testcase name="invokeProvider" time="0.001" classname="net.groot.data.InvocationNewsTest">
    <skipped/>
  </testcase> <!-- invokeProvider -->
  <testcase name="invokeProvider" time="0.001" classname="net.groot.data.InvocationNewsTest">
    <skipped/>
  </testcase> <!-- invokeProvider -->
  <testcase name="invokeProvider" time="0.001" classname="net.groot.data.InvocationNewsTest">
    <skipped/>
  </testcase> <!-- invokeProvider -->
  <testcase name="invokeProvider" time="0.0" classname="net.groot.data.InvocationNewsTest">
    <skipped/>
  </testcase> <!-- invokeProvider -->
  <testcase name="invokeProvider" time="0.001" classname="net.groot.data.InvocationNewsTest">
    <skipped/>
  </testcase> <!-- invokeProvider -->
  <testcase name="invokeProvider" time="0.001" classname="net.groot.data.InvocationNewsTest">
    <skipped/>
  </testcase> <!-- invokeProvider -->
  <testcase name="invokeProvider" time="0.002" classname="net.groot.data.InvocationNewsTest">
    <skipped/>
  </testcase> <!-- invokeProvider -->
  <testcase name="invokeProvider" time="0.001" classname="net.groot.data.InvocationNewsTest">
    <skipped/>
  </testcase> <!-- invokeProvider -->
  <testcase name="invokeProvider" time="0.0" classname="net.groot.data.InvocationNewsTest">
    <skipped/>
  </testcase> <!-- invokeProvider -->
  <testcase name="invokeProvider" time="0.001" classname="net.groot.data.InvocationNewsTest">
    <skipped/>
  </testcase> <!-- invokeProvider -->
  <testcase name="invokeProvider" time="0.001" classname="net.groot.data.InvocationNewsTest">
    <skipped/>
  </testcase> <!-- invokeProvider -->
  <testcase name="invokeProvider" time="0.001" classname="net.groot.data.InvocationNewsTest">
    <skipped/>
  </testcase> <!-- invokeProvider -->
  <testcase name="math" time="0.001" classname="net.groot.data.InvocationNewsTest">
    <skipped/>
  </testcase> <!-- math -->
  <testcase name="math" time="0.002" classname="net.groot.data.InvocationNewsTest">
    <skipped/>
  </testcase> <!-- math -->
  <testcase name="math" time="0.001" classname="net.groot.data.InvocationNewsTest">
    <skipped/>
  </testcase> <!-- math -->
  <testcase name="math" time="0.0" classname="net.groot.data.InvocationNewsTest">
    <skipped/>
  </testcase> <!-- math -->
  <testcase name="math" time="0.001" classname="net.groot.data.InvocationNewsTest">
    <skipped/>
  </testcase> <!-- math -->
  <testcase name="math" time="0.001" classname="net.groot.data.InvocationNewsTest">
    <skipped/>
  </testcase> <!-- math -->
  <testcase name="math" time="0.001" classname="net.groot.data.InvocationNewsTest">
    <skipped/>
  </testcase> <!-- math -->
  <testcase name="math" time="0.001" classname="net.groot.data.InvocationNewsTest">
    <skipped/>
  </testcase> <!-- math -->
  <testcase name="math" time="0.0" classname="net.groot.data.InvocationNewsTest">
    <skipped/>
  </testcase> <!-- math -->
  <testcase name="math" time="0.006" classname="net.groot.data.InvocationNewsTest">
    <skipped/>
  </testcase> <!-- math -->
  <testcase name="mathError" time="0.0" classname="net.groot.data.InvocationNewsTest">
    <skipped/>
  </testcase> <!-- mathError -->
  <testcase name="mathError" time="0.0" classname="net.groot.data.InvocationNewsTest">
    <skipped/>
  </testcase> <!-- mathError -->
  <testcase name="mathError" time="0.0" classname="net.groot.data.InvocationNewsTest">
    <skipped/>
  </testcase> <!-- mathError -->
  <testcase name="mathError" time="0.005" classname="net.groot.data.InvocationNewsTest">
    <skipped/>
  </testcase> <!-- mathError -->
  <testcase name="mathError" time="0.002" classname="net.groot.data.InvocationNewsTest">
    <skipped/>
  </testcase> <!-- mathError -->
  <testcase name="mathError" time="0.0" classname="net.groot.data.InvocationNewsTest">
    <skipped/>
  </testcase> <!-- mathError -->
  <testcase name="mathError" time="0.0" classname="net.groot.data.InvocationNewsTest">
    <skipped/>
  </testcase> <!-- mathError -->
  <testcase name="mathError" time="0.007" classname="net.groot.data.InvocationNewsTest">
    <skipped/>
  </testcase> <!-- mathError -->
  <testcase name="mathError" time="0.0" classname="net.groot.data.InvocationNewsTest">
    <skipped/>
  </testcase> <!-- mathError -->
  <testcase name="mathError" time="0.0" classname="net.groot.data.InvocationNewsTest">
    <skipped/>
  </testcase> <!-- mathError -->
</testsuite> <!-- Test -->
