<?xml version="1.0" encoding="UTF-8"?>
<!-- Generated by org.testng.reporters.JUnitXMLReporter -->
<testsuite hostname="Phaedros" name="UserTestNG" tests="9" failures="6" timestamp="28 Feb 2020 03:23:57 GMT" time="0.093" errors="0">
  <testcase name="findLoginPage" time="0.017" classname="net.groot.data.TestNgLogin">
    <failure type="java.lang.NullPointerException">
      <![CDATA[java.lang.NullPointerException
	at net.groot.data.TestNgLogin.findLoginPage(TestNgLogin.java:27)
... Removed 24 stack frames]]>
    </failure>
  </testcase> <!-- findLoginPage -->
  <testcase name="findLoginElement" time="0.004" classname="net.groot.data.TestNgLogin">
    <failure type="java.lang.NullPointerException">
      <![CDATA[java.lang.NullPointerException
	at net.groot.data.TestNgLogin.findLoginElement(TestNgLogin.java:33)
... Removed 24 stack frames]]>
    </failure>
  </testcase> <!-- findLoginElement -->
  <testcase name="confirm" time="0.001" classname="net.groot.data.TestNgLogin">
    <skipped/>
  </testcase> <!-- confirm -->
  <testcase name="findRegisterPage" time="0.002" classname="net.groot.data.TestNgRegister">
    <failure type="java.lang.NullPointerException">
      <![CDATA[java.lang.NullPointerException
	at net.groot.data.TestNgRegister.findRegisterPage(TestNgRegister.java:56)
... Removed 24 stack frames]]>
    </failure>
  </testcase> <!-- findRegisterPage -->
  <testcase name="findRegisterElement" time="0.002" classname="net.groot.data.TestNgRegister">
    <failure type="java.lang.NullPointerException">
      <![CDATA[java.lang.NullPointerException
	at net.groot.data.TestNgRegister.findRegisterElement(TestNgRegister.java:62)
... Removed 24 stack frames]]>
    </failure>
  </testcase> <!-- findRegisterElement -->
  <testcase name="confirm" time="0.0" classname="net.groot.data.TestNgRegister">
    <skipped/>
  </testcase> <!-- confirm -->
  <testcase name="findRegisterPage" time="0.002" classname="net.groot.data.TestNgRegisterData">
    <failure type="java.lang.NullPointerException">
      <![CDATA[java.lang.NullPointerException
	at net.groot.data.TestNgRegisterData.findRegisterPage(TestNgRegisterData.java:76)
... Removed 24 stack frames]]>
    </failure>
  </testcase> <!-- findRegisterPage -->
  <testcase name="findRegisterElement" time="0.003" classname="net.groot.data.TestNgRegisterData">
    <failure type="java.lang.NullPointerException">
      <![CDATA[java.lang.NullPointerException
	at net.groot.data.TestNgRegisterData.findRegisterElement(TestNgRegisterData.java:82)
... Removed 24 stack frames]]>
    </failure>
  </testcase> <!-- findRegisterElement -->
  <testcase name="confirm" time="0.0" classname="net.groot.data.TestNgRegisterData">
    <skipped/>
  </testcase> <!-- confirm -->
</testsuite> <!-- UserTestNG -->
