<?xml version="1.0" encoding="UTF-8"?>
<testng-results skipped="0" failed="1" total="4" passed="3">
  <reporter-output>
  </reporter-output>
  <suite name="Default suite" duration-ms="6502" started-at="2020-02-28T03:31:14Z" finished-at="2020-02-28T03:31:21Z">
    <groups>
      <group name="pageOpen">
        <method signature="TestNgRegisterData.findRegisterElement()[pri:0, instance:net.groot.data.TestNgRegisterData@3d99d22e]" name="findRegisterElement" class="net.groot.data.TestNgRegisterData"/>
        <method signature="TestNgRegisterData.findRegisterPage()[pri:0, instance:net.groot.data.TestNgRegisterData@3d99d22e]" name="findRegisterPage" class="net.groot.data.TestNgRegisterData"/>
      </group> <!-- pageOpen -->
      <group name="submit">
        <method signature="TestNgRegisterData.confirm()[pri:0, instance:net.groot.data.TestNgRegisterData@3d99d22e]" name="confirm" class="net.groot.data.TestNgRegisterData"/>
      </group> <!-- submit -->
    </groups>
    <test name="Default test" duration-ms="6502" started-at="2020-02-28T03:31:14Z" finished-at="2020-02-28T03:31:21Z">
      <class name="net.groot.data.TestNgRegisterData">
        <test-method status="PASS" signature="beforeSuite()[pri:0, instance:net.groot.data.TestNgRegisterData@3d99d22e]" name="beforeSuite" is-config="true" duration-ms="4007" started-at="2020-02-27T22:31:10Z" finished-at="2020-02-27T22:31:14Z">
          <reporter-output>
          </reporter-output>
        </test-method> <!-- beforeSuite -->
        <test-method status="PASS" signature="beforeTest()[pri:0, instance:net.groot.data.TestNgRegisterData@3d99d22e]" name="beforeTest" is-config="true" duration-ms="0" started-at="2020-02-27T22:31:14Z" finished-at="2020-02-27T22:31:14Z">
          <reporter-output>
          </reporter-output>
        </test-method> <!-- beforeTest -->
        <test-method status="PASS" signature="beforeClass()[pri:0, instance:net.groot.data.TestNgRegisterData@3d99d22e]" name="beforeClass" is-config="true" duration-ms="4833" started-at="2020-02-27T22:31:14Z" finished-at="2020-02-27T22:31:19Z">
          <reporter-output>
          </reporter-output>
        </test-method> <!-- beforeClass -->
        <test-method status="PASS" signature="beforeMethod()[pri:0, instance:net.groot.data.TestNgRegisterData@3d99d22e]" name="beforeMethod" is-config="true" duration-ms="1" started-at="2020-02-27T22:31:19Z" finished-at="2020-02-27T22:31:19Z">
          <reporter-output>
          </reporter-output>
        </test-method> <!-- beforeMethod -->
        <test-method status="PASS" signature="findRegisterPage()[pri:0, instance:net.groot.data.TestNgRegisterData@3d99d22e]" name="findRegisterPage" duration-ms="37" started-at="2020-02-27T22:31:19Z" finished-at="2020-02-27T22:31:19Z">
          <reporter-output>
          </reporter-output>
        </test-method> <!-- findRegisterPage -->
        <test-method status="PASS" signature="afterMethod()[pri:0, instance:net.groot.data.TestNgRegisterData@3d99d22e]" name="afterMethod" is-config="true" duration-ms="0" started-at="2020-02-27T22:31:19Z" finished-at="2020-02-27T22:31:19Z">
          <reporter-output>
          </reporter-output>
        </test-method> <!-- afterMethod -->
        <test-method status="PASS" signature="findRegisterElement()[pri:0, instance:net.groot.data.TestNgRegisterData@3d99d22e]" name="findRegisterElement" duration-ms="35" started-at="2020-02-27T22:31:19Z" finished-at="2020-02-27T22:31:19Z">
          <reporter-output>
          </reporter-output>
        </test-method> <!-- findRegisterElement -->
        <test-method status="PASS" signature="beforeMethod()[pri:0, instance:net.groot.data.TestNgRegisterData@3d99d22e]" name="beforeMethod" is-config="true" duration-ms="0" started-at="2020-02-27T22:31:19Z" finished-at="2020-02-27T22:31:19Z">
          <reporter-output>
          </reporter-output>
        </test-method> <!-- beforeMethod -->
        <test-method status="PASS" signature="afterMethod()[pri:0, instance:net.groot.data.TestNgRegisterData@3d99d22e]" name="afterMethod" is-config="true" duration-ms="0" started-at="2020-02-27T22:31:19Z" finished-at="2020-02-27T22:31:19Z">
          <reporter-output>
          </reporter-output>
        </test-method> <!-- afterMethod -->
        <test-method status="FAIL" signature="registerPage(java.lang.String, java.lang.String, java.lang.String, java.lang.String)[pri:0, instance:net.groot.data.TestNgRegisterData@3d99d22e]" name="registerPage" duration-ms="1" started-at="2020-02-27T22:31:19Z" data-provider="getTheData" finished-at="2020-02-27T22:31:19Z">
          <exception class="org.testng.TestNGException">
            <message>
              <![CDATA[
The data provider is trying to pass 2 parameters but the method net.groot.data.TestNgRegisterData#registerPage takes 4 and TestNG is unable in inject a suitable object]]>
            </message>
            <full-stacktrace>
              <![CDATA[org.testng.TestNGException: 
The data provider is trying to pass 2 parameters but the method net.groot.data.TestNgRegisterData#registerPage takes 4 and TestNG is unable in inject a suitable object
	at org.testng.internal.Invoker.injectParameters(Invoker.java:1361)
	at org.testng.internal.Invoker.invokeTestMethods(Invoker.java:1225)
	at org.testng.internal.TestMethodWorker.invokeTestMethods(TestMethodWorker.java:127)
	at org.testng.internal.TestMethodWorker.run(TestMethodWorker.java:111)
	at org.testng.TestRunner.privateRun(TestRunner.java:767)
	at org.testng.TestRunner.run(TestRunner.java:617)
	at org.testng.SuiteRunner.runTest(SuiteRunner.java:334)
	at org.testng.SuiteRunner.runSequentially(SuiteRunner.java:329)
	at org.testng.SuiteRunner.privateRun(SuiteRunner.java:291)
	at org.testng.SuiteRunner.run(SuiteRunner.java:240)
	at org.testng.SuiteRunnerWorker.runSuite(SuiteRunnerWorker.java:52)
	at org.testng.SuiteRunnerWorker.run(SuiteRunnerWorker.java:86)
	at org.testng.TestNG.runSuitesSequentially(TestNG.java:1198)
	at org.testng.TestNG.runSuitesLocally(TestNG.java:1123)
	at org.testng.TestNG.run(TestNG.java:1031)
	at org.testng.remote.AbstractRemoteTestNG.run(AbstractRemoteTestNG.java:115)
	at org.testng.remote.RemoteTestNG.initAndRun(RemoteTestNG.java:251)
	at org.testng.remote.RemoteTestNG.main(RemoteTestNG.java:77)
Caused by: java.lang.ArrayIndexOutOfBoundsException: 2
	at org.testng.internal.Invoker.injectParameters(Invoker.java:1359)
	... 17 more
]]>
            </full-stacktrace>
          </exception> <!-- org.testng.TestNGException -->
          <reporter-output>
          </reporter-output>
        </test-method> <!-- registerPage -->
        <test-method status="PASS" signature="confirm()[pri:0, instance:net.groot.data.TestNgRegisterData@3d99d22e]" name="confirm" duration-ms="576" started-at="2020-02-27T22:31:19Z" depends-on-methods="net.groot.data.TestNgRegisterData.findRegisterElement" finished-at="2020-02-27T22:31:20Z">
          <reporter-output>
          </reporter-output>
        </test-method> <!-- confirm -->
        <test-method status="PASS" signature="beforeMethod()[pri:0, instance:net.groot.data.TestNgRegisterData@3d99d22e]" name="beforeMethod" is-config="true" duration-ms="0" started-at="2020-02-27T22:31:19Z" finished-at="2020-02-27T22:31:19Z">
          <reporter-output>
          </reporter-output>
        </test-method> <!-- beforeMethod -->
        <test-method status="PASS" signature="afterMethod()[pri:0, instance:net.groot.data.TestNgRegisterData@3d99d22e]" name="afterMethod" is-config="true" duration-ms="1" started-at="2020-02-27T22:31:20Z" finished-at="2020-02-27T22:31:20Z">
          <reporter-output>
          </reporter-output>
        </test-method> <!-- afterMethod -->
        <test-method status="PASS" signature="afterClass()[pri:0, instance:net.groot.data.TestNgRegisterData@3d99d22e]" name="afterClass" is-config="true" duration-ms="1001" started-at="2020-02-27T22:31:20Z" finished-at="2020-02-27T22:31:21Z">
          <reporter-output>
          </reporter-output>
        </test-method> <!-- afterClass -->
        <test-method status="PASS" signature="afterTest()[pri:0, instance:net.groot.data.TestNgRegisterData@3d99d22e]" name="afterTest" is-config="true" duration-ms="0" started-at="2020-02-27T22:31:21Z" finished-at="2020-02-27T22:31:21Z">
          <reporter-output>
          </reporter-output>
        </test-method> <!-- afterTest -->
        <test-method status="PASS" signature="afterSuite()[pri:0, instance:net.groot.data.TestNgRegisterData@3d99d22e]" name="afterSuite" is-config="true" duration-ms="664" started-at="2020-02-27T22:31:21Z" finished-at="2020-02-27T22:31:21Z">
          <reporter-output>
          </reporter-output>
        </test-method> <!-- afterSuite -->
      </class> <!-- net.groot.data.TestNgRegisterData -->
    </test> <!-- Default test -->
  </suite> <!-- Default suite -->
</testng-results>
